[22150:259:0920/132027.534425:WARNING:chrome_main_delegate.cc(609)] This is Chrome version 117.0.5938.88 (not a warning)
[22150:259:0920/132027.776997:INFO:policy_logger.cc(142)] :components/enterprise/browser/controller/chrome_browser_cloud_management_controller.cc(168) Starting CBCM Controller Initialization
[22150:259:0920/132027.777051:INFO:policy_logger.cc(142)] :components/enterprise/browser/controller/chrome_browser_cloud_management_controller.cc(196) No machine level policy manager exists.
[22150:33799:0920/132027.818918:ERROR:trust_store_mac.cc(844)] Error parsing certificate:
ERROR: The policy qualifiers SEQUENCE is empty
ERROR: Failed parsing policy qualifiers
ERROR: Failed parsing certificate policies

[22150:259:0920/132031.384258:INFO:CONSOLE(0)] "Error with Permissions-Policy header: Unrecognized feature: 'ambient-light-sensor'.", source:  (0)
[22180:259:0920/132032.334524:ERROR:system_services.cc(31)] SetApplicationIsDaemon: Error Domain=NSOSStatusErrorDomain Code=-50 "paramErr: error in user parameter list" (-50)
[22158:27139:0920/132037.169840:ERROR:latency_info.cc(93)] CompositorFrameSinkSupport::MaybeSubmitCompositorFrame, LatencyInfo vector size 543 is too big.
[22150:259:0920/132043.839031:INFO:CONSOLE(0)] "Error with Permissions-Policy header: Unrecognized feature: 'ambient-light-sensor'.", source:  (0)
[22158:27139:0920/132049.646468:ERROR:latency_info.cc(93)] CompositorFrameSinkSupport::MaybeSubmitCompositorFrame, LatencyInfo vector size 591 is too big.
[22150:259:0920/132055.796676:INFO:CONSOLE(0)] "Error with Permissions-Policy header: Unrecognized feature: 'ambient-light-sensor'.", source:  (0)
[22150:259:0920/132111.098897:INFO:CONSOLE(0)] "Error with Permissions-Policy header: Unrecognized feature: 'ambient-light-sensor'.", source:  (0)
[22158:27139:0920/132116.512445:ERROR:latency_info.cc(93)] CompositorFrameSinkSupport::MaybeSubmitCompositorFrame, LatencyInfo vector size 581 is too big.
[22150:259:0920/132123.032769:INFO:CONSOLE(0)] "Error with Permissions-Policy header: Unrecognized feature: 'ambient-light-sensor'.", source:  (0)
[22158:27139:0920/132128.502573:ERROR:latency_info.cc(93)] CompositorFrameSinkSupport::MaybeSubmitCompositorFrame, LatencyInfo vector size 625 is too big.
[22150:259:0920/132134.276112:INFO:CONSOLE(0)] "Error with Permissions-Policy header: Unrecognized feature: 'ambient-light-sensor'.", source:  (0)
[22150:259:0920/132145.512140:INFO:CONSOLE(0)] "Error with Permissions-Policy header: Unrecognized feature: 'ambient-light-sensor'.", source:  (0)
[22158:27139:0920/132150.498679:ERROR:latency_info.cc(93)] CompositorFrameSinkSupport::MaybeSubmitCompositorFrame, LatencyInfo vector size 106 is too big.
[22150:259:0920/132156.043302:INFO:CONSOLE(0)] "Error with Permissions-Policy header: Unrecognized feature: 'ambient-light-sensor'.", source:  (0)
[22150:259:0920/132206.814902:INFO:CONSOLE(0)] "Error with Permissions-Policy header: Unrecognized feature: 'ambient-light-sensor'.", source:  (0)
[22150:259:0920/132217.665392:INFO:CONSOLE(0)] "Error with Permissions-Policy header: Unrecognized feature: 'ambient-light-sensor'.", source:  (0)
[22150:259:0920/132228.760357:INFO:CONSOLE(0)] "Error with Permissions-Policy header: Unrecognized feature: 'ambient-light-sensor'.", source:  (0)
[22150:259:0920/132239.836764:INFO:CONSOLE(0)] "Error with Permissions-Policy header: Unrecognized feature: 'ambient-light-sensor'.", source:  (0)
[22158:27139:0920/132244.670736:ERROR:latency_info.cc(93)] CompositorFrameSinkSupport::MaybeSubmitCompositorFrame, LatencyInfo vector size 115 is too big.
[22150:259:0920/132250.220089:INFO:CONSOLE(0)] "Error with Permissions-Policy header: Unrecognized feature: 'ambient-light-sensor'.", source:  (0)
[22158:27139:0920/132255.346605:ERROR:latency_info.cc(93)] CompositorFrameSinkSupport::MaybeSubmitCompositorFrame, LatencyInfo vector size 449 is too big.
[22150:259:0920/132300.967353:INFO:CONSOLE(0)] "Error with Permissions-Policy header: Unrecognized feature: 'ambient-light-sensor'.", source:  (0)
[22150:259:0920/132306.164033:INFO:CONSOLE(7)] "Another connection wants to delete database 'wawc_db_enc'. Closing db now to resume the delete request.", source: https://web.whatsapp.com/vendor1~app.7f14216f970118f62a35.js (7)
[22150:259:0920/132306.164957:INFO:CONSOLE(21)] "Another connection wants to delete database 'wawc_db_enc'. Closing db now to resume the delete request.", source: https://web.whatsapp.com/WAWebWorker.a1479933d1fab6ff7040.worker.js (21)
[22150:259:0920/132306.711138:INFO:CONSOLE(0)] "Error with Permissions-Policy header: Unrecognized feature: 'ambient-light-sensor'.", source:  (0)
[22150:259:0920/132306.856416:INFO:CONSOLE(7)] "Another connection wants to delete database 'wawc'. Closing db now to resume the delete request.", source: https://web.whatsapp.com/vendor1~app.7f14216f970118f62a35.js (7)
[22150:259:0920/132306.874150:INFO:CONSOLE(21)] "Another connection wants to delete database 'wawc'. Closing db now to resume the delete request.", source: https://web.whatsapp.com/serviceworker.js (21)
[22150:259:0920/132306.874677:INFO:CONSOLE(21)] "Another connection wants to delete database 'wawc'. Closing db now to resume the delete request.", source: https://web.whatsapp.com/serviceworker.js (21)
[22150:259:0920/132323.209743:WARNING:pref_notifier_impl.cc(41)] Pref observer for media_router.cast_allow_all_ips found at shutdown.
